{"/Users/makinfantasy/coding/netology/arraybuffer2/src/js/arrayBufferConverter.js": {"path":"/Users/makinfantasy/coding/netology/arraybuffer2/src/js/arrayBufferConverter.js","statementMap":{"0":{"start":{"line":3,"column":6},"end":{"line":3,"column":34}},"1":{"start":{"line":7,"column":6},"end":{"line":7,"column":51}},"2":{"start":{"line":11,"column":6},"end":{"line":11,"column":58}}},"fnMap":{"0":{"name":"(anonymous_0)","decl":{"start":{"line":2,"column":4},"end":{"line":2,"column":5}},"loc":{"start":{"line":2,"column":18},"end":{"line":4,"column":5}},"line":2},"1":{"name":"(anonymous_1)","decl":{"start":{"line":6,"column":4},"end":{"line":6,"column":5}},"loc":{"start":{"line":6,"column":15},"end":{"line":8,"column":5}},"line":6},"2":{"name":"(anonymous_2)","decl":{"start":{"line":10,"column":4},"end":{"line":10,"column":5}},"loc":{"start":{"line":10,"column":15},"end":{"line":12,"column":5}},"line":10}},"branchMap":{},"s":{"0":2,"1":2,"2":1},"f":{"0":2,"1":2,"2":1},"b":{},"_coverageSchema":"1a1c01bbd47fc00a2c39e90264f33305004495a9","hash":"3507b71e53dfed361631570d6ea782005333529d"}
,"/Users/makinfantasy/coding/netology/arraybuffer2/src/js/getBuffer.js": {"path":"/Users/makinfantasy/coding/netology/arraybuffer2/src/js/getBuffer.js","statementMap":{"0":{"start":{"line":2,"column":17},"end":{"line":2,"column":72}},"1":{"start":{"line":3,"column":4},"end":{"line":10,"column":13}},"2":{"start":{"line":4,"column":21},"end":{"line":4,"column":53}},"3":{"start":{"line":5,"column":25},"end":{"line":5,"column":48}},"4":{"start":{"line":6,"column":6},"end":{"line":8,"column":7}},"5":{"start":{"line":6,"column":19},"end":{"line":6,"column":20}},"6":{"start":{"line":7,"column":8},"end":{"line":7,"column":44}},"7":{"start":{"line":9,"column":6},"end":{"line":9,"column":20}}},"fnMap":{"0":{"name":"getBuffer","decl":{"start":{"line":1,"column":24},"end":{"line":1,"column":33}},"loc":{"start":{"line":1,"column":36},"end":{"line":11,"column":3}},"line":1},"1":{"name":"(anonymous_1)","decl":{"start":{"line":3,"column":12},"end":{"line":3,"column":13}},"loc":{"start":{"line":3,"column":23},"end":{"line":10,"column":5}},"line":3}},"branchMap":{},"s":{"0":2,"1":2,"2":2,"3":2,"4":2,"5":2,"6":106,"7":2},"f":{"0":2,"1":2},"b":{},"_coverageSchema":"1a1c01bbd47fc00a2c39e90264f33305004495a9","hash":"28dfa73c3d87488806a700bf0a0cfb6e5fc2a839"}
}
